<?xml version="1.0" encoding="UTF-8"?>
<testng-results ignored="0" total="1" passed="1" failed="0" skipped="0">
  <reporter-output>
  </reporter-output>
  <suite started-at="2024-09-29T00:51:01 BST" name="Default suite" finished-at="2024-09-29T00:51:05 BST" duration-ms="4514">
    <groups>
    </groups>
    <test started-at="2024-09-29T00:51:01 BST" name="Default test" finished-at="2024-09-29T00:51:05 BST" duration-ms="4514">
      <class name="test.automationtestproject.OpenBrowser">
        <test-method signature="openbrowser()[pri:0, instance:test.automationtestproject.OpenBrowser@7205765b]" started-at="2024-09-29T00:51:01 BST" name="openbrowser" finished-at="2024-09-29T00:51:05 BST" duration-ms="4479" status="PASS">
          <reporter-output>
          </reporter-output>
        </test-method> <!-- openbrowser -->
      </class> <!-- test.automationtestproject.OpenBrowser -->
    </test> <!-- Default test -->
  </suite> <!-- Default suite -->
</testng-results>
